<?xml version="1.0" encoding="UTF-8"?>
<!-- Generated by org.testng.reporters.JUnitXMLReporter -->
<testsuite hostname="SVRODK00070" ignored="0" name="Default test" tests="23" failures="0" timestamp="27 Jul 2018 09:02:06 GMT" time="17.728" errors="0">
  <testcase name="putUser" time="2.275" classname="TestAPI.GetUsers"/>
  <testcase name="noAuthenticationPage" time="0.578" classname="TestAPI.BasicAuthenticationTest"/>
  <testcase name="successfulAuthentication" time="0.516" classname="TestAPI.BasicAuthenticationTest"/>
  <testcase name="userTest" time="0.936" classname="TestAPI.CreateUserTest"/>
  <testcase name="userTest" time="0.667" classname="TestAPI.CreateUserTest"/>
  <testcase name="userTest" time="0.658" classname="TestAPI.CreateUserTest"/>
  <testcase name="userTest" time="0.702" classname="TestAPI.CreateUserTest"/>
  <testcase name="userTest" time="0.853" classname="TestAPI.CreateUserTest"/>
  <testcase name="userTest" time="0.7" classname="TestAPI.CreateUserTest"/>
  <testcase name="userTest" time="0.659" classname="TestAPI.CreateUserTest"/>
  <testcase name="userTest" time="0.655" classname="TestAPI.CreateUserTest"/>
  <testcase name="userTest" time="0.713" classname="TestAPI.CreateUserTest"/>
  <testcase name="userTest" time="0.659" classname="TestAPI.CreateUserTest"/>
  <testcase name="userTest" time="0.7" classname="TestAPI.CreateUserTest"/>
  <testcase name="userTest" time="0.675" classname="TestAPI.CreateUserTest"/>
  <testcase name="userTest" time="0.701" classname="TestAPI.CreateUserTest"/>
  <testcase name="userTest" time="0.7" classname="TestAPI.CreateUserTest"/>
  <testcase name="userTest" time="0.691" classname="TestAPI.CreateUserTest"/>
  <testcase name="userTest" time="0.758" classname="TestAPI.CreateUserTest"/>
  <testcase name="userTest" time="0.72" classname="TestAPI.CreateUserTest"/>
  <testcase name="userTest" time="0.711" classname="TestAPI.CreateUserTest"/>
  <testcase name="userTest" time="0.689" classname="TestAPI.CreateUserTest"/>
  <testcase name="userTest" time="0.653" classname="TestAPI.CreateUserTest"/>
</testsuite> <!-- Default test -->
