<?xml version="1.0" encoding="UTF-8"?>
<testng-results skipped="0" failed="0" ignored="0" total="23" passed="23">
  <reporter-output>
  </reporter-output>
  <suite name="Command line suite" duration-ms="19397" started-at="2018-07-27T11:47:47Z" finished-at="2018-07-27T11:48:06Z">
    <groups>
    </groups>
    <test name="Command line test" duration-ms="19397" started-at="2018-07-27T11:47:47Z" finished-at="2018-07-27T11:48:06Z">
      <class name="TestAPI.BasicAuthenticationTest">
        <test-method status="PASS" signature="noAuthenticationPage()[pri:0, instance:TestAPI.BasicAuthenticationTest@47f6473]" name="noAuthenticationPage" duration-ms="1590" started-at="2018-07-27T11:47:47Z" finished-at="2018-07-27T11:47:48Z">
          <reporter-output>
          </reporter-output>
        </test-method> <!-- noAuthenticationPage -->
        <test-method status="PASS" signature="successfulAuthentication()[pri:0, instance:TestAPI.BasicAuthenticationTest@47f6473]" name="successfulAuthentication" duration-ms="969" started-at="2018-07-27T11:47:48Z" finished-at="2018-07-27T11:47:49Z">
          <reporter-output>
          </reporter-output>
        </test-method> <!-- successfulAuthentication -->
      </class> <!-- TestAPI.BasicAuthenticationTest -->
      <class name="TestAPI.GetUsers">
        <test-method status="PASS" signature="putUser()[pri:0, instance:TestAPI.GetUsers@6b143ee9]" name="putUser" duration-ms="2528" started-at="2018-07-27T11:47:49Z" finished-at="2018-07-27T11:47:52Z">
          <reporter-output>
          </reporter-output>
        </test-method> <!-- putUser -->
      </class> <!-- TestAPI.GetUsers -->
      <class name="TestAPI.CreateUserTest">
        <test-method status="PASS" signature="userTest(java.lang.String, java.lang.String, int)[pri:0, instance:TestAPI.CreateUserTest@15975490]" name="userTest" duration-ms="696" started-at="2018-07-27T11:47:52Z" data-provider="New Users" finished-at="2018-07-27T11:47:53Z">
          <params>
            <param index="0">
              <value>
                <![CDATA[Ion Craenga]]>
              </value>
            </param>
            <param index="1">
              <value>
                <![CDATA[writer]]>
              </value>
            </param>
            <param index="2">
              <value>
                <![CDATA[201]]>
              </value>
            </param>
          </params>
          <reporter-output>
          </reporter-output>
        </test-method> <!-- userTest -->
        <test-method status="PASS" signature="userTest(java.lang.String, java.lang.String, int)[pri:0, instance:TestAPI.CreateUserTest@15975490]" name="userTest" duration-ms="667" started-at="2018-07-27T11:47:53Z" data-provider="New Users" finished-at="2018-07-27T11:47:53Z">
          <params>
            <param index="0">
              <value>
                <![CDATA[Mihai eminescu]]>
              </value>
            </param>
            <param index="1">
              <value>
                <![CDATA[poet]]>
              </value>
            </param>
            <param index="2">
              <value>
                <![CDATA[201]]>
              </value>
            </param>
          </params>
          <reporter-output>
          </reporter-output>
        </test-method> <!-- userTest -->
        <test-method status="PASS" signature="userTest(java.lang.String, java.lang.String, int)[pri:0, instance:TestAPI.CreateUserTest@15975490]" name="userTest" duration-ms="705" started-at="2018-07-27T11:47:53Z" data-provider="New Users" finished-at="2018-07-27T11:47:54Z">
          <params>
            <param index="0">
              <value>
                <![CDATA[Simona Halep]]>
              </value>
            </param>
            <param index="1">
              <value>
                <![CDATA[tennis player]]>
              </value>
            </param>
            <param index="2">
              <value>
                <![CDATA[201]]>
              </value>
            </param>
          </params>
          <reporter-output>
          </reporter-output>
        </test-method> <!-- userTest -->
        <test-method status="PASS" signature="userTest(java.lang.String, java.lang.String, int)[pri:0, instance:TestAPI.CreateUserTest@15975490]" name="userTest" duration-ms="676" started-at="2018-07-27T11:47:54Z" data-provider="New Users" finished-at="2018-07-27T11:47:55Z">
          <params>
            <param index="0">
              <value>
                <![CDATA[DrClaw Iohanis]]>
              </value>
            </param>
            <param index="1">
              <value>
                <![CDATA[president]]>
              </value>
            </param>
            <param index="2">
              <value>
                <![CDATA[201]]>
              </value>
            </param>
          </params>
          <reporter-output>
          </reporter-output>
        </test-method> <!-- userTest -->
        <test-method status="PASS" signature="userTest(java.lang.String, java.lang.String, int)[pri:0, instance:TestAPI.CreateUserTest@15975490]" name="userTest" duration-ms="706" started-at="2018-07-27T11:47:55Z" data-provider="New Users" finished-at="2018-07-27T11:47:55Z">
          <params>
            <param index="0">
              <value>
                <![CDATA[Alexel]]>
              </value>
            </param>
            <param index="1">
              <value>
                <![CDATA[caraus]]>
              </value>
            </param>
            <param index="2">
              <value>
                <![CDATA[201]]>
              </value>
            </param>
          </params>
          <reporter-output>
          </reporter-output>
        </test-method> <!-- userTest -->
        <test-method status="PASS" signature="userTest(java.lang.String, java.lang.String, int)[pri:0, instance:TestAPI.CreateUserTest@15975490]" name="userTest" duration-ms="703" started-at="2018-07-27T11:47:55Z" data-provider="New Users" finished-at="2018-07-27T11:47:56Z">
          <params>
            <param index="0">
              <value>
                <![CDATA[Alexel]]>
              </value>
            </param>
            <param index="1">
              <value>
                <![CDATA[caraus]]>
              </value>
            </param>
            <param index="2">
              <value>
                <![CDATA[201]]>
              </value>
            </param>
          </params>
          <reporter-output>
          </reporter-output>
        </test-method> <!-- userTest -->
        <test-method status="PASS" signature="userTest(java.lang.String, java.lang.String, int)[pri:0, instance:TestAPI.CreateUserTest@15975490]" name="userTest" duration-ms="876" started-at="2018-07-27T11:47:56Z" data-provider="New Users" finished-at="2018-07-27T11:47:57Z">
          <params>
            <param index="0">
              <value>
                <![CDATA[]]>
              </value>
            </param>
            <param index="1">
              <value>
                <![CDATA[orice]]>
              </value>
            </param>
            <param index="2">
              <value>
                <![CDATA[400]]>
              </value>
            </param>
          </params>
          <reporter-output>
          </reporter-output>
        </test-method> <!-- userTest -->
        <test-method status="PASS" signature="userTest(java.lang.String, java.lang.String, int)[pri:0, instance:TestAPI.CreateUserTest@15975490]" name="userTest" duration-ms="678" started-at="2018-07-27T11:47:57Z" data-provider="New Users" finished-at="2018-07-27T11:47:58Z">
          <params>
            <param index="0">
              <value>
                <![CDATA[Mihut]]>
              </value>
            </param>
            <param index="1">
              <value>
                <![CDATA[]]>
              </value>
            </param>
            <param index="2">
              <value>
                <![CDATA[400]]>
              </value>
            </param>
          </params>
          <reporter-output>
          </reporter-output>
        </test-method> <!-- userTest -->
        <test-method status="PASS" signature="userTest(java.lang.String, java.lang.String, int)[pri:0, instance:TestAPI.CreateUserTest@15975490]" name="userTest" duration-ms="727" started-at="2018-07-27T11:47:58Z" data-provider="New Users" finished-at="2018-07-27T11:47:58Z">
          <params>
            <param index="0">
              <value>
                <![CDATA[]]>
              </value>
            </param>
            <param index="1">
              <value>
                <![CDATA[]]>
              </value>
            </param>
            <param index="2">
              <value>
                <![CDATA[400]]>
              </value>
            </param>
          </params>
          <reporter-output>
          </reporter-output>
        </test-method> <!-- userTest -->
        <test-method status="PASS" signature="userTest(java.lang.String, java.lang.String, int)[pri:0, instance:TestAPI.CreateUserTest@15975490]" name="userTest" duration-ms="715" started-at="2018-07-27T11:47:58Z" data-provider="New Users" finished-at="2018-07-27T11:47:59Z">
          <params>
            <param index="0">
              <value>
                <![CDATA[123]]>
              </value>
            </param>
            <param index="1">
              <value>
                <![CDATA[432]]>
              </value>
            </param>
            <param index="2">
              <value>
                <![CDATA[400]]>
              </value>
            </param>
          </params>
          <reporter-output>
          </reporter-output>
        </test-method> <!-- userTest -->
        <test-method status="PASS" signature="userTest(java.lang.String, java.lang.String, int)[pri:0, instance:TestAPI.CreateUserTest@15975490]" name="userTest" duration-ms="765" started-at="2018-07-27T11:47:59Z" data-provider="New Users" finished-at="2018-07-27T11:48:00Z">
          <params>
            <param index="0">
              <value>
                <![CDATA[]]>
              </value>
            </param>
            <param index="1">
              <value>
                <![CDATA[3423]]>
              </value>
            </param>
            <param index="2">
              <value>
                <![CDATA[400]]>
              </value>
            </param>
          </params>
          <reporter-output>
          </reporter-output>
        </test-method> <!-- userTest -->
        <test-method status="PASS" signature="userTest(java.lang.String, java.lang.String, int)[pri:0, instance:TestAPI.CreateUserTest@15975490]" name="userTest" duration-ms="703" started-at="2018-07-27T11:48:00Z" data-provider="New Users" finished-at="2018-07-27T11:48:01Z">
          <params>
            <param index="0">
              <value>
                <![CDATA[5434]]>
              </value>
            </param>
            <param index="1">
              <value>
                <![CDATA[]]>
              </value>
            </param>
            <param index="2">
              <value>
                <![CDATA[400]]>
              </value>
            </param>
          </params>
          <reporter-output>
          </reporter-output>
        </test-method> <!-- userTest -->
        <test-method status="PASS" signature="userTest(java.lang.String, java.lang.String, int)[pri:0, instance:TestAPI.CreateUserTest@15975490]" name="userTest" duration-ms="687" started-at="2018-07-27T11:48:01Z" data-provider="New Users" finished-at="2018-07-27T11:48:01Z">
          <params>
            <param index="0">
              <value>
                <![CDATA[     ]]>
              </value>
            </param>
            <param index="1">
              <value>
                <![CDATA[     ]]>
              </value>
            </param>
            <param index="2">
              <value>
                <![CDATA[400]]>
              </value>
            </param>
          </params>
          <reporter-output>
          </reporter-output>
        </test-method> <!-- userTest -->
        <test-method status="PASS" signature="userTest(java.lang.String, java.lang.String, int)[pri:0, instance:TestAPI.CreateUserTest@15975490]" name="userTest" duration-ms="727" started-at="2018-07-27T11:48:01Z" data-provider="New Users" finished-at="2018-07-27T11:48:02Z">
          <params>
            <param index="0">
              <value>
                <![CDATA[fsadfsadfgfdafgdfgadfgadfasdf]]>
              </value>
            </param>
            <param index="1">
              <value>
                <![CDATA[]]>
              </value>
            </param>
            <param index="2">
              <value>
                <![CDATA[400]]>
              </value>
            </param>
          </params>
          <reporter-output>
          </reporter-output>
        </test-method> <!-- userTest -->
        <test-method status="PASS" signature="userTest(java.lang.String, java.lang.String, int)[pri:0, instance:TestAPI.CreateUserTest@15975490]" name="userTest" duration-ms="700" started-at="2018-07-27T11:48:02Z" data-provider="New Users" finished-at="2018-07-27T11:48:03Z">
          <params>
            <param index="0">
              <value>
                <![CDATA[Waller]]>
              </value>
            </param>
            <param index="1">
              <value>
                <![CDATA[gfdgsdfgdfgdfgkgfdgfdgsdfgdfgdfgkgsldfggsdfgdfgdfgkgsldfggsldfg]]>
              </value>
            </param>
            <param index="2">
              <value>
                <![CDATA[400]]>
              </value>
            </param>
          </params>
          <reporter-output>
          </reporter-output>
        </test-method> <!-- userTest -->
        <test-method status="PASS" signature="userTest(java.lang.String, java.lang.String, int)[pri:0, instance:TestAPI.CreateUserTest@15975490]" name="userTest" duration-ms="701" started-at="2018-07-27T11:48:03Z" data-provider="New Users" finished-at="2018-07-27T11:48:03Z">
          <params>
            <param index="0">
              <value>
                <![CDATA[gfdgsdfgdfgdfgkgfdgfdgsdfgdfgdfgkgsldfggsdfgdfgdfgkgsldfggsldfg]]>
              </value>
            </param>
            <param index="1">
              <value>
                <![CDATA[gfdgsdfgdfgdfgkgfdgfdgsdfgdfgdfgkgsldfggsdfgdfgdfgkgsldfggsldfg]]>
              </value>
            </param>
            <param index="2">
              <value>
                <![CDATA[400]]>
              </value>
            </param>
          </params>
          <reporter-output>
          </reporter-output>
        </test-method> <!-- userTest -->
        <test-method status="PASS" signature="userTest(java.lang.String, java.lang.String, int)[pri:0, instance:TestAPI.CreateUserTest@15975490]" name="userTest" duration-ms="735" started-at="2018-07-27T11:48:03Z" data-provider="New Users" finished-at="2018-07-27T11:48:04Z">
          <params>
            <param index="0">
              <value>
                <![CDATA[5 1]]>
              </value>
            </param>
            <param index="1">
              <value>
                <![CDATA[]]>
              </value>
            </param>
            <param index="2">
              <value>
                <![CDATA[400]]>
              </value>
            </param>
          </params>
          <reporter-output>
          </reporter-output>
        </test-method> <!-- userTest -->
        <test-method status="PASS" signature="userTest(java.lang.String, java.lang.String, int)[pri:0, instance:TestAPI.CreateUserTest@15975490]" name="userTest" duration-ms="731" started-at="2018-07-27T11:48:04Z" data-provider="New Users" finished-at="2018-07-27T11:48:05Z">
          <params>
            <param index="0">
              <value>
                <![CDATA[%$#@$]]>
              </value>
            </param>
            <param index="1">
              <value>
                <![CDATA[]]>
              </value>
            </param>
            <param index="2">
              <value>
                <![CDATA[400]]>
              </value>
            </param>
          </params>
          <reporter-output>
          </reporter-output>
        </test-method> <!-- userTest -->
        <test-method status="PASS" signature="userTest(java.lang.String, java.lang.String, int)[pri:0, instance:TestAPI.CreateUserTest@15975490]" name="userTest" duration-ms="678" started-at="2018-07-27T11:48:05Z" data-provider="New Users" finished-at="2018-07-27T11:48:05Z">
          <params>
            <param index="0">
              <value>
                <![CDATA[]]>
              </value>
            </param>
            <param index="1">
              <value>
                <![CDATA[hdfghfd%^&*FGHfg]]>
              </value>
            </param>
            <param index="2">
              <value>
                <![CDATA[400]]>
              </value>
            </param>
          </params>
          <reporter-output>
          </reporter-output>
        </test-method> <!-- userTest -->
        <test-method status="PASS" signature="userTest(java.lang.String, java.lang.String, int)[pri:0, instance:TestAPI.CreateUserTest@15975490]" name="userTest" duration-ms="694" started-at="2018-07-27T11:48:05Z" data-provider="New Users" finished-at="2018-07-27T11:48:06Z">
          <params>
            <param index="0">
              <value>
                <![CDATA[.....]]>
              </value>
            </param>
            <param index="1">
              <value>
                <![CDATA[.......]]>
              </value>
            </param>
            <param index="2">
              <value>
                <![CDATA[400]]>
              </value>
            </param>
          </params>
          <reporter-output>
          </reporter-output>
        </test-method> <!-- userTest -->
      </class> <!-- TestAPI.CreateUserTest -->
    </test> <!-- Command line test -->
  </suite> <!-- Command line suite -->
</testng-results>
